<?xml version="1.0" encoding="utf-8"?>
<testsuites>
  <testsuite name="TEAMS" tests="2" failures="1" skipped="0" time="90.9274255" timestamp="2022-12-05T15:33:53" id="3a079939-f870-6e59-1e74-8e3de0b4cb59" log="">
    <testcase name="View Facility" time="19.2652582" timestamp="2022-12-05T15:34:05.1524698-05:00" log="- Failed View Facility {LogInfo='Execution will be continued with the next TestCase, because the error situation could not be recovered.'}&#xD;&#xA;+ Passed  Close IE {LogInfo='Started 'taskkill' with arguments '/im iexplore.exe''}&#xD;&#xA;+ Passed   Path {LogInfo='Process stopped after '0' minutes.'}&#xD;&#xA;&#xD;&#xA;+ Passed  Close Chrome {LogInfo='Started 'taskkill' with arguments '/im chrome.exe''}&#xD;&#xA;+ Passed   Path {LogInfo='Process stopped after '0' minutes.'}&#xD;&#xA;&#xD;&#xA;+ Passed  Close FireFox {LogInfo='Started 'taskkill' with arguments '/im firefox.exe''}&#xD;&#xA;+ Passed   Path {LogInfo='Process stopped after '0' minutes.'}&#xD;&#xA;&#xD;&#xA;+ Passed  Delete Buffers {LogInfo='Successfully deleted all Buffers!'}&#xD;&#xA;&#xD;&#xA;+ Passed  Close Edge {LogInfo='Started 'taskkill' with arguments '/im msedge.exe''}&#xD;&#xA;+ Passed   Path {LogInfo='Process stopped after '0' minutes.'}&#xD;&#xA;&#xD;&#xA;+ Passed  Wait for Browsers to close {LogInfo='Waited for &gt;4000&lt; milliseconds.'}&#xD;&#xA;&#xD;&#xA;+ Passed  Open Teams URL&#xD;&#xA;&#xD;&#xA;+ Passed  TBox Wait {LogInfo='Waited for &gt;4000&lt; milliseconds.'}&#xD;&#xA;&#xD;&#xA;- Failed  Maximize Window {LogInfo='The window was not found!'}&#xD;&#xA;- Failed   Operation {LogInfo='The window was not found!'}&#xD;&#xA;&#xD;&#xA;">
      <failure message="Test failure">- Failed View Facility {LogInfo='Execution will be continued with the next TestCase, because the error situation could not be recovered.'}
+ Passed  Close IE {LogInfo='Started 'taskkill' with arguments '/im iexplore.exe''}
+ Passed   Path {LogInfo='Process stopped after '0' minutes.'}

+ Passed  Close Chrome {LogInfo='Started 'taskkill' with arguments '/im chrome.exe''}
+ Passed   Path {LogInfo='Process stopped after '0' minutes.'}

+ Passed  Close FireFox {LogInfo='Started 'taskkill' with arguments '/im firefox.exe''}
+ Passed   Path {LogInfo='Process stopped after '0' minutes.'}

+ Passed  Delete Buffers {LogInfo='Successfully deleted all Buffers!'}

+ Passed  Close Edge {LogInfo='Started 'taskkill' with arguments '/im msedge.exe''}
+ Passed   Path {LogInfo='Process stopped after '0' minutes.'}

+ Passed  Wait for Browsers to close {LogInfo='Waited for &gt;4000&lt; milliseconds.'}

+ Passed  Open Teams URL

+ Passed  TBox Wait {LogInfo='Waited for &gt;4000&lt; milliseconds.'}

- Failed  Maximize Window {LogInfo='The window was not found!'}
- Failed   Operation {LogInfo='The window was not found!'}

</failure>
    </testcase>
    <testcase name="Create New Facility" time="48.9521005" timestamp="2022-12-05T15:34:26.7815215-05:00" log="+ Passed Create New Facility&#xD;&#xA;+ Passed  Close IE {LogInfo='Started 'taskkill' with arguments '/im iexplore.exe''}&#xD;&#xA;+ Passed   Path {LogInfo='Process stopped after '0' minutes.'}&#xD;&#xA;&#xD;&#xA;+ Passed  Close Chrome {LogInfo='Started 'taskkill' with arguments '/im chrome.exe''}&#xD;&#xA;+ Passed   Path {LogInfo='Process stopped after '0' minutes.'}&#xD;&#xA;&#xD;&#xA;+ Passed  Close FireFox {LogInfo='Started 'taskkill' with arguments '/im firefox.exe''}&#xD;&#xA;+ Passed   Path {LogInfo='Process stopped after '0' minutes.'}&#xD;&#xA;&#xD;&#xA;+ Passed  Delete Buffers {LogInfo='Successfully deleted all Buffers!'}&#xD;&#xA;&#xD;&#xA;+ Passed  Close Edge {LogInfo='Started 'taskkill' with arguments '/im msedge.exe''}&#xD;&#xA;+ Passed   Path {LogInfo='Process stopped after '0' minutes.'}&#xD;&#xA;&#xD;&#xA;+ Passed  Wait for Browsers to close {LogInfo='Waited for &gt;4000&lt; milliseconds.'}&#xD;&#xA;&#xD;&#xA;+ Passed  Open Teams URL&#xD;&#xA;&#xD;&#xA;+ Passed  TBox Wait {LogInfo='Waited for &gt;4000&lt; milliseconds.'}&#xD;&#xA;&#xD;&#xA;+ Passed  Maximize Window&#xD;&#xA;+ Passed   Operation {LogInfo='Operation 'Maximize' has been performed successfully on window with caption '*TEAMS*Welcome*'.'}&#xD;&#xA;&#xD;&#xA;+ Passed  Wait till Home Page Loads&#xD;&#xA;+ Passed   Teams Splash Image {LogInfo='WaitOn was successful.&#xD;&#xA;Expected value == &quot;True&quot;&#xD;&#xA;Actual value: &quot;True&quot;',UsedValue='True'}&#xD;&#xA;&#xD;&#xA;+ Passed  Navigation Path&#xD;&#xA;+ Passed   MenuTab {LogInfo='Buffer with name: &quot;MenuTab&quot; has been set to value: &quot;Facilities&quot;',UsedValue='Facilities'}&#xD;&#xA;+ Passed   SubMenuLayer1 {LogInfo='Buffer with name: &quot;SubMenuLayer1&quot; has been set to value: &quot;Add New Facility&quot;',UsedValue='Add New Facility'}&#xD;&#xA;&#xD;&#xA;+ Passed  Navigate to the page&#xD;&#xA;+ Passed   MenuTab&#xD;&#xA;+ Passed   SubMenuLayer1 {UsedValue='x'}&#xD;&#xA;&#xD;&#xA;+ Passed  Click Station Lookup&#xD;&#xA;+ Passed   Station Lookup {UsedValue='x'}&#xD;&#xA;&#xD;&#xA;+ Passed  Search  station&#xD;&#xA;+ Passed   Reset {LogInfo='Verification was successful.&#xD;&#xA;Expected value == &quot;True&quot;&#xD;&#xA;Actual value: &quot;True&quot;',UsedValue='True'}&#xD;&#xA;+ Passed   Enter Station Name {UsedValue='ATL'}&#xD;&#xA;+ Passed   Search {LogInfo='Waited 3000 ms after execution was finished',UsedValue='x'}&#xD;&#xA;&#xD;&#xA;+ Passed  Wait for data to load {LogInfo='Waited for &gt;2000&lt; milliseconds.'}&#xD;&#xA;&#xD;&#xA;+ Passed  Select a station&#xD;&#xA;+ Passed   Search Results&#xD;&#xA;&#xD;&#xA;+ Passed  Verify  fields and data&#xD;&#xA;+ Passed   Save {LogInfo='Verification was successful.&#xD;&#xA;Expected value == &quot;True&quot;&#xD;&#xA;Actual value: &quot;True&quot;',UsedValue='True'}&#xD;&#xA;+ Passed   Facility Name {LogInfo='Verification was successful.&#xD;&#xA;Expected value == &quot;ATLANTA AOC&quot;&#xD;&#xA;Actual value: &quot;ATLANTA AOC&quot;',UsedValue='ATLANTA AOC'}&#xD;&#xA;+ Passed   State {LogInfo='Verification was successful.&#xD;&#xA;Expected value == &quot;GA&quot;&#xD;&#xA;Actual value: &quot;GA&quot;',UsedValue='GA'}&#xD;&#xA;+ Passed   OPSTA {LogInfo='Verification was successful.&#xD;&#xA;Expected value == &quot;055555&quot;&#xD;&#xA;Actual value: &quot;055555&quot;',UsedValue='055555'}&#xD;&#xA;+ Passed   Mechanical {LogInfo='Verification was successful.&#xD;&#xA;Expected value == &quot;True&quot;&#xD;&#xA;Actual value: &quot;True&quot;',UsedValue='True'}&#xD;&#xA;+ Passed   Program {LogInfo='Verification was successful.&#xD;&#xA;Expected value == &quot;True&quot;&#xD;&#xA;Actual value: &quot;True&quot;',UsedValue='True'}&#xD;&#xA;+ Passed   Pre-Trip {LogInfo='Verification was successful.&#xD;&#xA;Expected value == &quot;True&quot;&#xD;&#xA;Actual value: &quot;True&quot;',UsedValue='True'}&#xD;&#xA;+ Passed   Pre-Trip Dedicated Cleanout {LogInfo='Verification was successful.&#xD;&#xA;Expected value == &quot;True&quot;&#xD;&#xA;Actual value: &quot;True&quot;',UsedValue='True'}&#xD;&#xA;+ Passed   BAD Order Capacity {LogInfo='Verification was successful.&#xD;&#xA;Expected value == &quot;True&quot;&#xD;&#xA;Actual value: &quot;True&quot;',UsedValue='True'}&#xD;&#xA;+ Passed   Ignore BadOrder capacity {LogInfo='Verification was successful.&#xD;&#xA;Expected value == &quot;True&quot;&#xD;&#xA;Actual value: &quot;True&quot;',UsedValue='True'}&#xD;&#xA;+ Passed   Reject capacity {LogInfo='Verification was successful.&#xD;&#xA;Expected value == &quot;True&quot;&#xD;&#xA;Actual value: &quot;True&quot;',UsedValue='True'}&#xD;&#xA;+ Passed   Ignore Reject capacity {LogInfo='Verification was successful.&#xD;&#xA;Expected value == &quot;True&quot;&#xD;&#xA;Actual value: &quot;True&quot;',UsedValue='True'}&#xD;&#xA;&#xD;&#xA;+ Passed  Click Cancel&#xD;&#xA;+ Passed   Cancel {UsedValue='x'}&#xD;&#xA;&#xD;&#xA;+ Passed  Verify Popup appears&#xD;&#xA;+ Passed   Are you sure you want to cancel ..... {LogInfo='WaitOn was successful.&#xD;&#xA;Expected value == &quot;True&quot;&#xD;&#xA;Actual value: &quot;True&quot;',UsedValue='True'}&#xD;&#xA;+ Passed   No {LogInfo='Verification was successful.&#xD;&#xA;Expected value == &quot;True&quot;&#xD;&#xA;Actual value: &quot;True&quot;',UsedValue='True'}&#xD;&#xA;+ Passed   Yes {UsedValue='x'}&#xD;&#xA;&#xD;&#xA;+ Passed  Verify landing on View Facilities&#xD;&#xA;+ Passed   Reset {LogInfo='WaitOn was successful.&#xD;&#xA;Expected value == &quot;True&quot;&#xD;&#xA;Actual value: &quot;True&quot;',UsedValue='True'}&#xD;&#xA;+ Passed   Create New Facility {LogInfo='Verification was successful.&#xD;&#xA;Expected value == &quot;True&quot;&#xD;&#xA;Actual value: &quot;True&quot;',UsedValue='True'}&#xD;&#xA;+ Passed   Search By EQ Group {LogInfo='Verification was successful.&#xD;&#xA;Expected value == &quot;True&quot;&#xD;&#xA;Actual value: &quot;True&quot;',UsedValue='True'}&#xD;&#xA;+ Passed   Search By Reject Code {LogInfo='Verification was successful.&#xD;&#xA;Expected value == &quot;True&quot;&#xD;&#xA;Actual value: &quot;True&quot;',UsedValue='True'}&#xD;&#xA;&#xD;&#xA;+ Passed  Close IE {LogInfo='Started 'taskkill' with arguments '/im iexplore.exe''}&#xD;&#xA;+ Passed   Path {LogInfo='Process stopped after '0' minutes.'}&#xD;&#xA;&#xD;&#xA;+ Passed  Close Chrome {LogInfo='Started 'taskkill' with arguments '/im chrome.exe''}&#xD;&#xA;+ Passed   Path {LogInfo='Process stopped after '0' minutes.'}&#xD;&#xA;&#xD;&#xA;+ Passed  Close FireFox {LogInfo='Started 'taskkill' with arguments '/im firefox.exe''}&#xD;&#xA;+ Passed   Path {LogInfo='Process stopped after '0' minutes.'}&#xD;&#xA;&#xD;&#xA;+ Passed  Delete Buffers {LogInfo='Successfully deleted all Buffers!'}&#xD;&#xA;&#xD;&#xA;+ Passed  Close Edge {LogInfo='Started 'taskkill' with arguments '/im msedge.exe''}&#xD;&#xA;+ Passed   Path {LogInfo='Process stopped after '0' minutes.'}&#xD;&#xA;&#xD;&#xA;+ Passed  Wait for Browsers to close {LogInfo='Waited for &gt;4000&lt; milliseconds.'}&#xD;&#xA;&#xD;&#xA;" />
  </testsuite>
</testsuites>